<?xml version="1.0" encoding="UTF-8"?>
<coverage generated="1771300234337" clover="3.2.0">
  <project timestamp="1771300234337" name="All files">
    <metrics statements="35" coveredstatements="35" conditionals="30" coveredconditionals="30" methods="12" coveredmethods="12" elements="77" coveredelements="77" complexity="0" loc="35" ncloc="35" packages="1" files="3" classes="3"/>
    <file name="BlogCard.tsx" path="C:\Users\davgo\OneDrive\Documents\GitHub\davgor.github.io\src\components\BlogCard.tsx">
      <metrics statements="25" coveredstatements="25" conditionals="14" coveredconditionals="14" methods="6" coveredmethods="6"/>
      <line num="22" count="1" type="stmt"/>
      <line num="24" count="1" type="stmt"/>
      <line num="25" count="5" type="stmt"/>
      <line num="28" count="1" type="stmt"/>
      <line num="29" count="4" type="stmt"/>
      <line num="30" count="4" type="stmt"/>
      <line num="31" count="6" type="cond" truecount="2" falsecount="0"/>
      <line num="32" count="1" type="stmt"/>
      <line num="33" count="1" type="stmt"/>
      <line num="39" count="5" type="stmt"/>
      <line num="43" count="1" type="stmt"/>
      <line num="44" count="9" type="stmt"/>
      <line num="45" count="9" type="stmt"/>
      <line num="48" count="9" type="cond" truecount="2" falsecount="0"/>
      <line num="50" count="5" type="cond" truecount="2" falsecount="0"/>
      <line num="51" count="1" type="stmt"/>
      <line num="60" count="4" type="stmt"/>
      <line num="61" count="4" type="cond" truecount="2" falsecount="0"/>
      <line num="62" count="2" type="cond" truecount="2" falsecount="0"/>
      <line num="63" count="2" type="cond" truecount="2" falsecount="0"/>
      <line num="64" count="1" type="stmt"/>
      <line num="66" count="1" type="stmt"/>
      <line num="71" count="9" type="cond" truecount="2" falsecount="0"/>
      <line num="72" count="1" type="stmt"/>
      <line num="84" count="8" type="stmt"/>
    </file>
    <file name="JobCard.tsx" path="C:\Users\davgo\OneDrive\Documents\GitHub\davgor.github.io\src\components\JobCard.tsx">
      <metrics statements="7" coveredstatements="7" conditionals="4" coveredconditionals="4" methods="5" coveredmethods="5"/>
      <line num="8" count="1" type="stmt"/>
      <line num="9" count="7" type="stmt"/>
      <line num="10" count="8" type="stmt"/>
      <line num="17" count="14" type="stmt"/>
      <line num="37" count="12" type="stmt"/>
      <line num="50" count="7" type="stmt"/>
      <line num="70" count="8" type="stmt"/>
    </file>
    <file name="Layout.tsx" path="C:\Users\davgo\OneDrive\Documents\GitHub\davgor.github.io\src\components\Layout.tsx">
      <metrics statements="3" coveredstatements="3" conditionals="12" coveredconditionals="12" methods="1" coveredmethods="1"/>
      <line num="4" count="1" type="stmt"/>
      <line num="5" count="11" type="stmt"/>
      <line num="7" count="11" type="stmt"/>
    </file>
  </project>
</coverage>
