{"C:\\Users\\davgo\\OneDrive\\Documents\\GitHub\\davgor.github.io\\src\\components\\BlogCard.tsx": {"path":"C:\\Users\\davgo\\OneDrive\\Documents\\GitHub\\davgor.github.io\\src\\components\\BlogCard.tsx","statementMap":{"0":{"start":{"line":22,"column":17},"end":{"line":22,"column":null}},"1":{"start":{"line":24,"column":14},"end":{"line":26,"column":null}},"2":{"start":{"line":25,"column":2},"end":{"line":25,"column":null}},"3":{"start":{"line":28,"column":20},"end":{"line":41,"column":null}},"4":{"start":{"line":29,"column":16},"end":{"line":29,"column":null}},"5":{"start":{"line":30,"column":2},"end":{"line":40,"column":null}},"6":{"start":{"line":31,"column":4},"end":{"line":38,"column":null}},"7":{"start":{"line":32,"column":6},"end":{"line":32,"column":null}},"8":{"start":{"line":33,"column":6},"end":{"line":36,"column":null}},"9":{"start":{"line":39,"column":4},"end":{"line":39,"column":null}},"10":{"start":{"line":43,"column":42},"end":{"line":91,"column":null}},"11":{"start":{"line":44,"column":24},"end":{"line":68,"column":null}},"12":{"start":{"line":45,"column":4},"end":{"line":68,"column":null}},"13":{"start":{"line":48,"column":8},"end":{"line":65,"column":null}},"14":{"start":{"line":50,"column":10},"end":{"line":58,"column":null}},"15":{"start":{"line":51,"column":12},"end":{"line":56,"column":null}},"16":{"start":{"line":60,"column":10},"end":{"line":60,"column":null}},"17":{"start":{"line":61,"column":8},"end":{"line":65,"column":null}},"18":{"start":{"line":62,"column":10},"end":{"line":62,"column":null}},"19":{"start":{"line":63,"column":8},"end":{"line":65,"column":null}},"20":{"start":{"line":64,"column":10},"end":{"line":64,"column":null}},"21":{"start":{"line":66,"column":8},"end":{"line":66,"column":null}},"22":{"start":{"line":71,"column":2},"end":{"line":82,"column":null}},"23":{"start":{"line":72,"column":4},"end":{"line":80,"column":null}},"24":{"start":{"line":84,"column":2},"end":{"line":89,"column":null}}},"fnMap":{"0":{"name":"(anonymous_0)","decl":{"start":{"line":24,"column":14},"end":{"line":24,"column":15}},"loc":{"start":{"line":24,"column":41},"end":{"line":26,"column":null}},"line":24},"1":{"name":"(anonymous_1)","decl":{"start":{"line":28,"column":20},"end":{"line":28,"column":21}},"loc":{"start":{"line":28,"column":55},"end":{"line":41,"column":null}},"line":28},"2":{"name":"(anonymous_2)","decl":{"start":{"line":30,"column":19},"end":{"line":30,"column":20}},"loc":{"start":{"line":30,"column":32},"end":{"line":40,"column":3}},"line":30},"3":{"name":"(anonymous_3)","decl":{"start":{"line":43,"column":42},"end":{"line":43,"column":43}},"loc":{"start":{"line":43,"column":78},"end":{"line":91,"column":null}},"line":43},"4":{"name":"(anonymous_4)","decl":{"start":{"line":44,"column":24},"end":{"line":44,"column":null}},"loc":{"start":{"line":45,"column":4},"end":{"line":68,"column":null}},"line":45},"5":{"name":"(anonymous_5)","decl":{"start":{"line":47,"column":19},"end":{"line":47,"column":20}},"loc":{"start":{"line":47,"column":36},"end":{"line":67,"column":7}},"line":47}},"branchMap":{"0":{"loc":{"start":{"line":31,"column":4},"end":{"line":38,"column":null}},"type":"if","locations":[{"start":{"line":31,"column":4},"end":{"line":38,"column":null}},{"start":{},"end":{}}],"line":31},"1":{"loc":{"start":{"line":48,"column":8},"end":{"line":65,"column":null}},"type":"if","locations":[{"start":{"line":48,"column":8},"end":{"line":65,"column":null}},{"start":{"line":61,"column":8},"end":{"line":65,"column":null}}],"line":48},"2":{"loc":{"start":{"line":50,"column":10},"end":{"line":58,"column":null}},"type":"if","locations":[{"start":{"line":50,"column":10},"end":{"line":58,"column":null}},{"start":{},"end":{}}],"line":50},"3":{"loc":{"start":{"line":61,"column":8},"end":{"line":65,"column":null}},"type":"if","locations":[{"start":{"line":61,"column":8},"end":{"line":65,"column":null}},{"start":{"line":63,"column":8},"end":{"line":65,"column":null}}],"line":61},"4":{"loc":{"start":{"line":62,"column":54},"end":{"line":62,"column":70}},"type":"binary-expr","locations":[{"start":{"line":62,"column":54},"end":{"line":62,"column":66}},{"start":{"line":62,"column":66},"end":{"line":62,"column":70}}],"line":62},"5":{"loc":{"start":{"line":63,"column":8},"end":{"line":65,"column":null}},"type":"if","locations":[{"start":{"line":63,"column":8},"end":{"line":65,"column":null}},{"start":{},"end":{}}],"line":63},"6":{"loc":{"start":{"line":71,"column":2},"end":{"line":82,"column":null}},"type":"if","locations":[{"start":{"line":71,"column":2},"end":{"line":82,"column":null}},{"start":{},"end":{}}],"line":71}},"s":{"0":1,"1":1,"2":5,"3":1,"4":4,"5":4,"6":6,"7":1,"8":1,"9":5,"10":1,"11":9,"12":9,"13":9,"14":5,"15":1,"16":4,"17":4,"18":2,"19":2,"20":1,"21":1,"22":9,"23":1,"24":8},"f":{"0":5,"1":4,"2":6,"3":9,"4":9,"5":9},"b":{"0":[1,5],"1":[5,4],"2":[1,4],"3":[2,2],"4":[2,1],"5":[1,1],"6":[1,8]},"meta":{"lastBranch":7,"lastFunction":6,"lastStatement":25,"seen":{"s:22:17:22:Infinity":0,"s:24:14:26:Infinity":1,"f:24:14:24:15":0,"s:25:2:25:Infinity":2,"s:28:20:41:Infinity":3,"f:28:20:28:21":1,"s:29:16:29:Infinity":4,"s:30:2:40:Infinity":5,"f:30:19:30:20":2,"b:31:4:38:Infinity:undefined:undefined:undefined:undefined":0,"s:31:4:38:Infinity":6,"s:32:6:32:Infinity":7,"s:33:6:36:Infinity":8,"s:39:4:39:Infinity":9,"s:43:42:91:Infinity":10,"f:43:42:43:43":3,"s:44:24:68:Infinity":11,"f:44:24:44:Infinity":4,"s:45:4:68:Infinity":12,"f:47:19:47:20":5,"b:48:8:65:Infinity:61:8:65:Infinity":1,"s:48:8:65:Infinity":13,"b:50:10:58:Infinity:undefined:undefined:undefined:undefined":2,"s:50:10:58:Infinity":14,"s:51:12:56:Infinity":15,"s:60:10:60:Infinity":16,"b:61:8:65:Infinity:63:8:65:Infinity":3,"s:61:8:65:Infinity":17,"s:62:10:62:Infinity":18,"b:62:54:62:66:62:66:62:70":4,"b:63:8:65:Infinity:undefined:undefined:undefined:undefined":5,"s:63:8:65:Infinity":19,"s:64:10:64:Infinity":20,"s:66:8:66:Infinity":21,"b:71:2:82:Infinity:undefined:undefined:undefined:undefined":6,"s:71:2:82:Infinity":22,"s:72:4:80:Infinity":23,"s:84:2:89:Infinity":24}}}
,"C:\\Users\\davgo\\OneDrive\\Documents\\GitHub\\davgor.github.io\\src\\components\\JobCard.tsx": {"path":"C:\\Users\\davgo\\OneDrive\\Documents\\GitHub\\davgor.github.io\\src\\components\\JobCard.tsx","statementMap":{"0":{"start":{"line":8,"column":40},"end":{"line":76,"column":null}},"1":{"start":{"line":9,"column":27},"end":{"line":48,"column":null}},"2":{"start":{"line":10,"column":4},"end":{"line":46,"column":null}},"3":{"start":{"line":17,"column":12},"end":{"line":27,"column":null}},"4":{"start":{"line":37,"column":16},"end":{"line":41,"column":null}},"5":{"start":{"line":50,"column":2},"end":{"line":74,"column":null}},"6":{"start":{"line":70,"column":12},"end":{"line":70,"column":null}}},"fnMap":{"0":{"name":"(anonymous_0)","decl":{"start":{"line":8,"column":40},"end":{"line":8,"column":41}},"loc":{"start":{"line":8,"column":53},"end":{"line":76,"column":null}},"line":8},"1":{"name":"(anonymous_1)","decl":{"start":{"line":9,"column":27},"end":{"line":9,"column":28}},"loc":{"start":{"line":9,"column":62},"end":{"line":48,"column":null}},"line":9},"2":{"name":"(anonymous_2)","decl":{"start":{"line":16,"column":31},"end":{"line":16,"column":32}},"loc":{"start":{"line":17,"column":12},"end":{"line":27,"column":null}},"line":17},"3":{"name":"(anonymous_3)","decl":{"start":{"line":36,"column":42},"end":{"line":36,"column":43}},"loc":{"start":{"line":37,"column":16},"end":{"line":41,"column":null}},"line":37},"4":{"name":"(anonymous_4)","decl":{"start":{"line":69,"column":25},"end":{"line":69,"column":26}},"loc":{"start":{"line":70,"column":12},"end":{"line":70,"column":null}},"line":70}},"branchMap":{"0":{"loc":{"start":{"line":18,"column":15},"end":{"line":21,"column":null}},"type":"binary-expr","locations":[{"start":{"line":18,"column":15},"end":{"line":18,"column":null}},{"start":{"line":19,"column":16},"end":{"line":21,"column":null}}],"line":18},"1":{"loc":{"start":{"line":30,"column":9},"end":{"line":44,"column":null}},"type":"binary-expr","locations":[{"start":{"line":30,"column":9},"end":{"line":30,"column":null}},{"start":{"line":31,"column":10},"end":{"line":44,"column":null}}],"line":30}},"s":{"0":1,"1":7,"2":8,"3":14,"4":12,"5":7,"6":8},"f":{"0":7,"1":8,"2":14,"3":12,"4":8},"b":{"0":[14,6],"1":[8,6]},"meta":{"lastBranch":2,"lastFunction":5,"lastStatement":7,"seen":{"s:8:40:76:Infinity":0,"f:8:40:8:41":0,"s:9:27:48:Infinity":1,"f:9:27:9:28":1,"s:10:4:46:Infinity":2,"f:16:31:16:32":2,"s:17:12:27:Infinity":3,"b:18:15:18:Infinity:19:16:21:Infinity":0,"b:30:9:30:Infinity:31:10:44:Infinity":1,"f:36:42:36:43":3,"s:37:16:41:Infinity":4,"s:50:2:74:Infinity":5,"f:69:25:69:26":4,"s:70:12:70:Infinity":6}}}
,"C:\\Users\\davgo\\OneDrive\\Documents\\GitHub\\davgor.github.io\\src\\components\\Layout.tsx": {"path":"C:\\Users\\davgo\\OneDrive\\Documents\\GitHub\\davgor.github.io\\src\\components\\Layout.tsx","statementMap":{"0":{"start":{"line":4,"column":56},"end":{"line":107,"column":null}},"1":{"start":{"line":5,"column":8},"end":{"line":5,"column":null}},"2":{"start":{"line":7,"column":2},"end":{"line":105,"column":null}}},"fnMap":{"0":{"name":"(anonymous_0)","decl":{"start":{"line":4,"column":56},"end":{"line":4,"column":57}},"loc":{"start":{"line":4,"column":74},"end":{"line":107,"column":null}},"line":4}},"branchMap":{"0":{"loc":{"start":{"line":39,"column":54},"end":{"line":39,"column":95}},"type":"cond-expr","locations":[{"start":{"line":39,"column":82},"end":{"line":39,"column":93}},{"start":{"line":39,"column":93},"end":{"line":39,"column":95}}],"line":39},"1":{"loc":{"start":{"line":48,"column":54},"end":{"line":48,"column":105}},"type":"cond-expr","locations":[{"start":{"line":48,"column":92},"end":{"line":48,"column":103}},{"start":{"line":48,"column":103},"end":{"line":48,"column":105}}],"line":48},"2":{"loc":{"start":{"line":57,"column":54},"end":{"line":57,"column":111}},"type":"cond-expr","locations":[{"start":{"line":57,"column":98},"end":{"line":57,"column":109}},{"start":{"line":57,"column":109},"end":{"line":57,"column":111}}],"line":57},"3":{"loc":{"start":{"line":66,"column":54},"end":{"line":66,"column":99}},"type":"cond-expr","locations":[{"start":{"line":66,"column":86},"end":{"line":66,"column":97}},{"start":{"line":66,"column":97},"end":{"line":66,"column":99}}],"line":66},"4":{"loc":{"start":{"line":75,"column":54},"end":{"line":75,"column":102}},"type":"cond-expr","locations":[{"start":{"line":75,"column":89},"end":{"line":75,"column":100}},{"start":{"line":75,"column":100},"end":{"line":75,"column":102}}],"line":75},"5":{"loc":{"start":{"line":84,"column":54},"end":{"line":84,"column":102}},"type":"cond-expr","locations":[{"start":{"line":84,"column":89},"end":{"line":84,"column":100}},{"start":{"line":84,"column":100},"end":{"line":84,"column":102}}],"line":84}},"s":{"0":1,"1":11,"2":11},"f":{"0":11},"b":{"0":[6,5],"1":[1,10],"2":[1,10],"3":[1,10],"4":[1,10],"5":[1,10]},"meta":{"lastBranch":6,"lastFunction":1,"lastStatement":3,"seen":{"s:4:56:107:Infinity":0,"f:4:56:4:57":0,"s:5:8:5:Infinity":1,"s:7:2:105:Infinity":2,"b:39:82:39:93:39:93:39:95":0,"b:48:92:48:103:48:103:48:105":1,"b:57:98:57:109:57:109:57:111":2,"b:66:86:66:97:66:97:66:99":3,"b:75:89:75:100:75:100:75:102":4,"b:84:89:84:100:84:100:84:102":5}}}
}
